TN:
SF:/home/zucchinidev/src/js/thingsverse/thingsverse-api/src/api.js
FN:17,(anonymous_0)
FN:29,(anonymous_1)
FN:48,(anonymous_2)
FN:62,(anonymous_3)
FN:76,(anonymous_4)
FNF:5
FNH:5
FNDA:16,(anonymous_0)
FNDA:1,(anonymous_1)
FNDA:2,(anonymous_2)
FNDA:2,(anonymous_3)
FNDA:2,(anonymous_4)
DA:3,16
DA:4,16
DA:5,16
DA:6,16
DA:7,16
DA:8,16
DA:10,16
DA:12,16
DA:14,16
DA:17,16
DA:18,16
DA:19,16
DA:20,16
DA:21,16
DA:23,0
DA:26,16
DA:29,16
DA:30,1
DA:31,1
DA:33,1
DA:34,1
DA:35,0
DA:37,1
DA:38,1
DA:40,0
DA:42,1
DA:44,0
DA:48,16
DA:49,2
DA:50,2
DA:51,2
DA:52,2
DA:53,2
DA:54,1
DA:56,1
DA:58,0
DA:62,16
DA:63,2
DA:64,2
DA:65,2
DA:66,2
DA:67,2
DA:68,1
DA:70,1
DA:72,0
DA:76,16
DA:77,2
DA:78,2
DA:79,2
DA:80,2
DA:81,2
DA:82,1
DA:84,1
DA:86,0
DA:90,16
LF:55
LH:48
BRDA:18,0,0,16
BRDA:18,0,1,0
BRDA:34,1,0,0
BRDA:34,1,1,1
BRDA:34,2,0,1
BRDA:34,2,1,1
BRDA:37,3,0,1
BRDA:37,3,1,0
BRDA:53,4,0,1
BRDA:53,4,1,1
BRDA:67,5,0,1
BRDA:67,5,1,1
BRDA:67,6,0,2
BRDA:67,6,1,1
BRDA:81,7,0,1
BRDA:81,7,1,1
BRDA:81,8,0,2
BRDA:81,8,1,1
BRF:18
BRH:15
end_of_record
TN:
SF:/home/zucchinidev/src/js/thingsverse/thingsverse-api/src/auth.js
FN:4,sign
FN:8,verify
FNF:2
FNH:1
FNDA:4,sign
FNDA:0,verify
DA:3,1
DA:5,4
DA:9,0
DA:12,1
LF:4
LH:3
BRF:0
BRH:0
end_of_record
TN:
SF:/home/zucchinidev/src/js/thingsverse/thingsverse-api/src/config.js
FN:11,(anonymous_0)
FNF:1
FNH:0
FNDA:0,(anonymous_0)
DA:2,1
DA:4,1
DA:11,0
LF:3
LH:2
BRDA:6,0,0,1
BRDA:6,0,1,1
BRDA:7,1,0,1
BRDA:7,1,1,1
BRDA:8,2,0,1
BRDA:8,2,1,1
BRDA:9,3,0,1
BRDA:9,3,1,1
BRDA:15,4,0,1
BRDA:15,4,1,1
BRF:10
BRH:10
end_of_record
TN:
SF:/home/zucchinidev/src/js/thingsverse/thingsverse-api/src/index.js
FN:15,(anonymous_0)
FN:21,handleFatalError
FN:30,(anonymous_2)
FNF:3
FNH:1
FNDA:12,(anonymous_0)
FNDA:0,handleFatalError
FNDA:0,(anonymous_2)
DA:3,16
DA:4,16
DA:5,16
DA:6,16
DA:7,16
DA:8,16
DA:10,16
DA:11,16
DA:13,16
DA:15,16
DA:16,12
DA:17,12
DA:18,12
DA:22,0
DA:23,0
DA:24,0
DA:27,16
DA:29,16
DA:30,0
DA:31,0
DA:33,0
DA:34,0
DA:37,16
LF:23
LH:16
BRDA:10,0,0,16
BRDA:10,0,1,16
BRDA:17,1,0,12
BRDA:17,1,1,0
BRDA:29,2,0,0
BRDA:29,2,1,16
BRF:6
BRH:4
end_of_record
TN:
SF:/home/zucchinidev/src/js/thingsverse/thingsverse-api/src/errors/agent-not-found-error.js
FN:4,(anonymous_0)
FNF:1
FNH:1
FNDA:1,(anonymous_0)
DA:3,1
DA:5,1
DA:6,1
DA:7,1
DA:8,1
DA:9,1
LF:6
LH:6
BRF:0
BRH:0
end_of_record
TN:
SF:/home/zucchinidev/src/js/thingsverse/thingsverse-api/src/errors/index.js
FNF:0
FNH:0
DA:1,1
DA:2,1
DA:3,1
DA:4,1
DA:5,1
LF:5
LH:5
BRF:0
BRH:0
end_of_record
TN:
SF:/home/zucchinidev/src/js/thingsverse/thingsverse-api/src/errors/metrics-not-found-error.js
FN:4,(anonymous_0)
FNF:1
FNH:1
FNDA:2,(anonymous_0)
DA:3,1
DA:5,2
DA:6,2
DA:7,2
DA:8,2
DA:9,2
DA:10,2
DA:11,2
LF:8
LH:8
BRDA:7,0,0,2
BRDA:7,0,1,1
BRDA:11,1,0,1
BRDA:11,1,1,1
BRF:4
BRH:4
end_of_record
TN:
SF:/home/zucchinidev/src/js/thingsverse/thingsverse-api/src/errors/not-authenticated-error.js
FN:4,(anonymous_0)
FNF:1
FNH:0
FNDA:0,(anonymous_0)
DA:3,1
DA:5,0
DA:6,0
DA:7,0
DA:8,0
DA:9,0
LF:6
LH:1
BRF:0
BRH:0
end_of_record
TN:
SF:/home/zucchinidev/src/js/thingsverse/thingsverse-api/src/errors/not-authorized-error.js
FN:4,(anonymous_0)
FNF:1
FNH:0
FNDA:0,(anonymous_0)
DA:3,1
DA:5,0
DA:6,0
DA:7,0
DA:8,0
LF:5
LH:1
BRF:0
BRH:0
end_of_record
